<?xml version="1.0" encoding="UTF-8"?>
<!-- Generated by org.testng.reporters.JUnitXMLReporter -->
<testsuite hostname="INPDY-D-0013" ignored="8" name="Test" tests="2" failures="1" timestamp="03 Apr 2019 14:12:26 GMT" time="315.195" errors="0">
  <testcase name="createloanfilupload" time="68.495" classname="com.quantum.qa.testcase.Tc001LoanCreationFileUpload"/>
  <testcase name="salesactivity" time="219.176" classname="com.quantum.qa.testcase.Tc004loanSalestoProcessing">
    <failure type="org.openqa.selenium.StaleElementReferenceException" message="stale element reference: element is not attached to the page document
  (Session info: chrome=73.0.3683.86)
  (Driver info: chromedriver=2.36.540470 (e522d04694c7ebea4ba8821272dbef4f9b818c91),platform=Windows NT 10.0.17763 x86_64) (WARNING: The server did not provide any stacktrace information)
Command duration or timeout: 0 milliseconds
For documentation on this error, please visit: http://seleniumhq.org/exceptions/stale_element_reference.html
Build info: version: &amp;apos;3.5.3&amp;apos;, revision: &amp;apos;a88d25fe6b&amp;apos;, time: &amp;apos;2017-08-29T12:42:44.417Z&amp;apos;
System info: host: &amp;apos;INPDY-D-0013&amp;apos;, ip: &amp;apos;192.168.50.105&amp;apos;, os.name: &amp;apos;Windows 10&amp;apos;, os.arch: &amp;apos;amd64&amp;apos;, os.version: &amp;apos;10.0&amp;apos;, java.version: &amp;apos;1.8.0_161&amp;apos;
Driver info: org.openqa.selenium.chrome.ChromeDriver
Capabilities [{mobileEmulationEnabled=false, hasTouchScreen=false, platform=XP, acceptSslCerts=false, acceptInsecureCerts=false, webStorageEnabled=true, browserName=chrome, takesScreenshot=true, javascriptEnabled=true, platformName=XP, setWindowRect=true, unexpectedAlertBehaviour=, applicationCacheEnabled=false, rotatable=false, networkConnectionEnabled=false, chrome={chromedriverVersion=2.36.540470 (e522d04694c7ebea4ba8821272dbef4f9b818c91), userDataDir=C:\Users\ANANDA~1.S\AppData\Local\Temp\scoped_dir18704_14639}, takesHeapSnapshot=true, pageLoadStrategy=normal, unhandledPromptBehavior=, databaseEnabled=false, handlesAlerts=true, version=73.0.3683.86, browserConnectionEnabled=false, nativeEvents=true, locationContextEnabled=true, cssSelectorsEnabled=true}]
Session ID: 93aeab8596edc63b527b2a1ce94b1ee1">
      <![CDATA[org.openqa.selenium.StaleElementReferenceException: stale element reference: element is not attached to the page document
  (Session info: chrome=73.0.3683.86)
  (Driver info: chromedriver=2.36.540470 (e522d04694c7ebea4ba8821272dbef4f9b818c91),platform=Windows NT 10.0.17763 x86_64) (WARNING: The server did not provide any stacktrace information)
Command duration or timeout: 0 milliseconds
For documentation on this error, please visit: http://seleniumhq.org/exceptions/stale_element_reference.html
Build info: version: '3.5.3', revision: 'a88d25fe6b', time: '2017-08-29T12:42:44.417Z'
System info: host: 'INPDY-D-0013', ip: '192.168.50.105', os.name: 'Windows 10', os.arch: 'amd64', os.version: '10.0', java.version: '1.8.0_161'
Driver info: org.openqa.selenium.chrome.ChromeDriver
Capabilities [{mobileEmulationEnabled=false, hasTouchScreen=false, platform=XP, acceptSslCerts=false, acceptInsecureCerts=false, webStorageEnabled=true, browserName=chrome, takesScreenshot=true, javascriptEnabled=true, platformName=XP, setWindowRect=true, unexpectedAlertBehaviour=, applicationCacheEnabled=false, rotatable=false, networkConnectionEnabled=false, chrome={chromedriverVersion=2.36.540470 (e522d04694c7ebea4ba8821272dbef4f9b818c91), userDataDir=C:\Users\ANANDA~1.S\AppData\Local\Temp\scoped_dir18704_14639}, takesHeapSnapshot=true, pageLoadStrategy=normal, unhandledPromptBehavior=, databaseEnabled=false, handlesAlerts=true, version=73.0.3683.86, browserConnectionEnabled=false, nativeEvents=true, locationContextEnabled=true, cssSelectorsEnabled=true}]
Session ID: 93aeab8596edc63b527b2a1ce94b1ee1
at org.openqa.selenium.remote.ErrorHandler.createThrowable(ErrorHandler.java:215)
at org.openqa.selenium.remote.ErrorHandler.throwIfResponseFailed(ErrorHandler.java:167)
at org.openqa.selenium.remote.http.JsonHttpResponseCodec.reconstructValue(JsonHttpResponseCodec.java:40)
at org.openqa.selenium.remote.http.AbstractHttpResponseCodec.decode(AbstractHttpResponseCodec.java:82)
at org.openqa.selenium.remote.http.AbstractHttpResponseCodec.decode(AbstractHttpResponseCodec.java:45)
at org.openqa.selenium.remote.HttpCommandExecutor.execute(HttpCommandExecutor.java:164)
at org.openqa.selenium.remote.service.DriverCommandExecutor.execute(DriverCommandExecutor.java:82)
at org.openqa.selenium.remote.RemoteWebDriver.execute(RemoteWebDriver.java:646)
at org.openqa.selenium.remote.RemoteExecuteMethod.execute(RemoteExecuteMethod.java:35)
at org.openqa.selenium.remote.RemoteMouse.mouseMove(RemoteMouse.java:89)
at org.openqa.selenium.interactions.MoveMouseAction.perform(MoveMouseAction.java:43)
at org.openqa.selenium.interactions.CompositeAction.perform(CompositeAction.java:36)
at org.openqa.selenium.interactions.Actions$BuiltAction.perform(Actions.java:641)
at com.quantum.qa.wrappers.Genericwrappers.mouseoverclick(Genericwrappers.java:172)
at com.quantum.qa.pages.thirdpartyorderingscreen.navigateppe(thirdpartyorderingscreen.java:56)
at com.quantum.qa.testcase.Tc004loanSalestoProcessing.salesactivity(Tc004loanSalestoProcessing.java:53)
... Removed 29 stack frames]]>
    </failure>
  </testcase> <!-- salesactivity -->
  <testcase name="loanwithreferalprogram" time="0.0" classname="com.quantum.qa.testcase.Tc003ReferralProgramSelection">
    <ignored/>
  </testcase> <!-- loanwithreferalprogram -->
  <testcase name="@BeforeTest htmlreportgenerator" time="0.0" classname="com.quantum.qa.wrappers.Quantumwrappers">
    <ignored/>
  </testcase> <!-- @BeforeTest htmlreportgenerator -->
  <testcase name="@BeforeTest htmlreportgenerator" time="0.0" classname="com.quantum.qa.wrappers.Quantumwrappers">
    <ignored/>
  </testcase> <!-- @BeforeTest htmlreportgenerator -->
  <testcase name="@BeforeTest htmlreportgenerator" time="0.0" classname="com.quantum.qa.wrappers.Quantumwrappers">
    <ignored/>
  </testcase> <!-- @BeforeTest htmlreportgenerator -->
  <testcase name="createloanapplication" time="0.0" classname="com.quantum.qa.testcase.Tc002LoanCreationLoanapp">
    <ignored/>
  </testcase> <!-- createloanapplication -->
  <testcase name="@AfterSuite reportclose" time="0.0" classname="com.quantum.qa.wrappers.Quantumwrappers">
    <ignored/>
  </testcase> <!-- @AfterSuite reportclose -->
  <testcase name="@AfterSuite reportclose" time="0.0" classname="com.quantum.qa.wrappers.Quantumwrappers">
    <ignored/>
  </testcase> <!-- @AfterSuite reportclose -->
  <testcase name="@AfterSuite reportclose" time="0.0" classname="com.quantum.qa.wrappers.Quantumwrappers">
    <ignored/>
  </testcase> <!-- @AfterSuite reportclose -->
</testsuite> <!-- Test -->
